<?xml version="1.0" encoding="UTF-8"?>
<!-- Generated by org.testng.reporters.JUnitReportReporter -->
<testsuite hostname="Aravindanaths-MacBook-Pro.local" failures="0" tests="2" name="day1.TC_Search_004" time="17.180" errors="0" timestamp="2022-09-24T16:47:43 IST" skipped="0">
  <testcase classname="day1.TC_Search_004" name="TC_Search_001" time="9.393"/>
  <system-out>
    <![CDATA[Page Current URL: https://www.google.com/search?q=Appium+jobs&source=hp&ei=OucuY93HCsXvz7sPk-6boAI&iflsig=AJiK0e8AAAAAYy71SgVqUlzPA9y1JPkxfve_5FD6PNxm&ved=0ahUKEwjdzP39pq36AhXF93MBHRP3BiQQ4dUDCAc&uact=5&oq=Appium+jobs&gs_lcp=Cgdnd3Mtd2l6EANQAFgIYAloAHAAeACAAQCIAQCSAQCYAQCgAQE&sclient=gws-wiz
Page Title: Appium jobs - Google Search]]>
  </system-out>
  <testcase classname="day1.TC_Search_004" name="TC_Search_001" time="7.787"/>
  <system-out>
    <![CDATA[Page Current URL: https://www.google.com/search?q=Appium+jobs&source=hp&ei=T-cuY5mQHp6kz7sP2ri7uAU&iflsig=AJiK0e8AAAAAYy71Xz5weNOuUoyzPahbfDZSdyY8HGUP&ved=0ahUKEwjZ85KIp636AhUe0nMBHVrcDlcQ4dUDCAY&uact=5&oq=Appium+jobs&gs_lcp=Cgdnd3Mtd2l6EANQAFgPYBJoAHAAeACAAQCIAQCSAQCYAQCgAQE&sclient=gws-wiz
Page Title: Appium jobs - Google Search]]>
  </system-out>
</testsuite> <!-- day1.TC_Search_004 -->
