<?xml version="1.0" encoding="UTF-8"?>
<!-- Generated by org.testng.reporters.JUnitReportReporter -->
<testsuite hostname="Aravindanaths-MacBook-Pro.local" failures="0" tests="2" name="day1.TC_Search_003" time="20.030" errors="0" timestamp="2022-09-24T16:47:43 IST" skipped="0">
  <testcase classname="day1.TC_Search_003" name="TC_Search_001" time="11.440"/>
  <system-out>
    <![CDATA[Page Title: Amazon.in : iphone 14 max pro
Page Current URL: https://www.amazon.in/s?k=iphone+14+max+pro&ref=nb_sb_noss]]>
  </system-out>
  <testcase classname="day1.TC_Search_003" name="TC_Search_001" time="8.590"/>
  <system-out>
    <![CDATA[Page Title: Amazon.in : iphone 14 max pro
Page Current URL: https://www.amazon.in/s?k=iphone+14+max+pro&ref=nb_sb_noss]]>
  </system-out>
</testsuite> <!-- day1.TC_Search_003 -->
