<?xml version="1.0" encoding="UTF-8"?>
<!-- Generated by org.testng.reporters.JUnitReportReporter -->
<testsuite hostname="Aravindanaths-MacBook-Pro.local" failures="0" tests="2" name="day1.TC_Search_002" time="16.640" errors="0" timestamp="2022-09-24T16:47:43 IST" skipped="0">
  <testcase classname="day1.TC_Search_002" name="TC_Search_001" time="9.693"/>
  <system-out>
    <![CDATA[Page Title: Amazon.in : todays deal
Page Current URL: https://www.amazon.in/s?k=todays+deal&ref=nb_sb_noss]]>
  </system-out>
  <testcase classname="day1.TC_Search_002" name="TC_Search_001" time="6.947"/>
  <system-out>
    <![CDATA[Page Title: Amazon.in : todays deal
Page Current URL: https://www.amazon.in/s?k=todays+deal&ref=nb_sb_noss]]>
  </system-out>
</testsuite> <!-- day1.TC_Search_002 -->
