<?xml version="1.0" encoding="UTF-8"?>
<!-- Generated by org.testng.reporters.JUnitReportReporter -->
<testsuite hostname="Aravindanaths-MacBook-Pro.local" failures="0" tests="2" name="day1.TC_Search_001" time="17.405" errors="0" timestamp="2022-09-24T16:47:43 IST" skipped="0">
  <testcase classname="day1.TC_Search_001" name="TC_Search_001" time="7.458"/>
  <system-out>
    <![CDATA[Page Title: Selenium Appium jobs - Google Search
Page Current URL: https://www.google.com/search?q=Selenium+Appium+jobs&source=hp&ei=T-cuY46sIre7z7sPu7SiqA4&iflsig=AJiK0e8AAAAAYy71X5nQf2Vwkkpt4oxpLecmzMKGwTSX&ved=0ahUKEwjOj5eIp636AhW33XMBHTuaCOUQ4dUDCAY&uact=5&oq=Selenium+Appium+jobs&gs_lcp=Cgdnd3Mtd2l6EANQAFgZYB1oAHAAeACAAQCIAQCSAQCYAQCgAQE&sclient=gws-wiz]]>
  </system-out>
  <testcase classname="day1.TC_Search_001" name="TC_Search_001" time="9.947"/>
  <system-out>
    <![CDATA[Page Title: Selenium Appium jobs - Google Search
Page Current URL: https://www.google.com/search?q=Selenium+Appium+jobs&source=hp&ei=OucuY5CSKIXDz7sPyqSwyAg&iflsig=AJiK0e8AAAAAYy71StIVabFn4jJ-Id32lZgIpooPz08V&ved=0ahUKEwiQl5v-pq36AhWF4XMBHUoSDIkQ4dUDCAc&uact=5&oq=Selenium+Appium+jobs&gs_lcp=Cgdnd3Mtd2l6EANQAFgRYBNoAHAAeACAAQCIAQCSAQCYAQCgAQE&sclient=gws-wiz]]>
  </system-out>
</testsuite> <!-- day1.TC_Search_001 -->
